---------------------------------------------------------------------------------------------------------------------------------------------------------
       log:  C:\Spitzencluster Luftverkehr\Modell\Nachfragedaten\Do\arbeitserreichbarkeit.log
  log type:  text
 opened on:  25 Oct 2010, 14:03:51

. bysort POLGK: tab  ek HVM_DIFF [iw=W_GEW] if  arbeit==1, col row

---------------------------------------------------------------------------------------------------------------------------------------------------------
-> POLGK = unter 2.000 Einw.

+-------------------+
| Key               |
|-------------------|
|     frequency     |
|  row percentage   |
| column percentage |
+-------------------+

           |                                           Hauptverkehrsmittel (differenziert)
        ek |    zu Fuß    Fahrrad  Mofa | Mo   Motorrad  Pkw (Mitf  Pkw (Fahr        Lkw       ÖPNV       Taxi  Schiff |   sonstiges |     Total
-----------+-------------------------------------------------------------------------------------------------------------------------+----------
        .5 | 10.764105  .40666392          0          0          0          0          0          0          0          0          0 | 11.170769 
           |     96.36       3.64       0.00       0.00       0.00       0.00       0.00       0.00       0.00       0.00       0.00 |    100.00 
           |     59.58       3.05       0.00       0.00       0.00       0.00       0.00       0.00       0.00       0.00       0.00 |      2.90 
-----------+-------------------------------------------------------------------------------------------------------------------------+----------
         1 | 4.7647419   3.166959          0          0          0  3.0186057          0          0          0          0          0 | 10.950307 
           |     43.51      28.92       0.00       0.00       0.00      27.57       0.00       0.00       0.00       0.00       0.00 |    100.00 
           |     26.37      23.75       0.00       0.00       0.00       1.01       0.00       0.00       0.00       0.00       0.00 |      2.84 
-----------+-------------------------------------------------------------------------------------------------------------------------+----------
         2 |         0  .66933341          0          0  2.4578682  5.2222805          0          0          0          0          0 | 8.3494821 
           |      0.00       8.02       0.00       0.00      29.44      62.55       0.00       0.00       0.00       0.00       0.00 |    100.00 
           |      0.00       5.02       0.00       0.00      10.67       1.75       0.00       0.00       0.00       0.00       0.00 |      2.17 
-----------+-------------------------------------------------------------------------------------------------------------------------+----------
         5 | 1.2085697  3.5822943          0          0  .75896302  19.769741          0   .4798495          0  .50375679 .366932164 | 26.670106 
           |      4.53      13.43       0.00       0.00       2.85      74.13       0.00       1.80       0.00       1.89       1.38 |    100.00 
           |      6.69      26.87       0.00       0.00       3.29       6.61       0.00       1.79       0.00      67.79     100.00 |      6.92 
-----------+-------------------------------------------------------------------------------------------------------------------------+----------
        10 | 1.3284333  5.0029022  .54876623          0  1.7450146  53.986788          0 2.22998376          0          0          0 | 64.841888 
           |      2.05       7.72       0.85       0.00       2.69      83.26       0.00       3.44       0.00       0.00       0.00 |    100.00 
           |      7.35      37.52      52.26       0.00       7.57      18.04       0.00       8.34       0.00       0.00       0.00 |     16.83 
-----------+-------------------------------------------------------------------------------------------------------------------------+----------
        25 |         0  .50448164          0  .70498178  9.4511986  111.48348          0  7.8736648  .70772018          0          0 | 130.72553 
           |      0.00       0.39       0.00       0.54       7.23      85.28       0.00       6.02       0.54       0.00       0.00 |    100.00 
           |      0.00       3.78       0.00      62.99      41.01      37.26       0.00      29.45      60.34       0.00       0.00 |     33.94 
-----------+-------------------------------------------------------------------------------------------------------------------------+----------
        50 |         0          0  .50126812  .41415772  4.6389272  72.409339          0  13.748055  .46525672          0          0 | 92.177004 
           |      0.00       0.00       0.54       0.45       5.03      78.55       0.00      14.91       0.50       0.00       0.00 |    100.00 
           |      0.00       0.00      47.74      37.01      20.13      24.20       0.00      51.42      39.66       0.00       0.00 |     23.93 
-----------+-------------------------------------------------------------------------------------------------------------------------+----------
        51 |         0          0          0          0    3.99405    33.3312  .31588195  2.4066772          0  .23933539          0 | 40.287145 
           |      0.00       0.00       0.00       0.00       9.91      82.73       0.78       5.97       0.00       0.59       0.00 |    100.00 
           |      0.00       0.00       0.00       0.00      17.33      11.14     100.00       9.00       0.00      32.21       0.00 |     10.46 
-----------+-------------------------------------------------------------------------------------------------------------------------+----------
     Total |  18.06585  13.332634  1.0500343  1.1191395  23.046021  299.22143  .31588195   26.73823  1.1729769  .74309217 .366932164 |385.172227 
           |      4.69       3.46       0.27       0.29       5.98      77.69       0.08       6.94       0.30       0.19       0.10 |    100.00 
           |    100.00     100.00     100.00     100.00     100.00     100.00     100.00     100.00     100.00     100.00     100.00 |    100.00 


---------------------------------------------------------------------------------------------------------------------------------------------------------
-> POLGK = 2.000 bis unter 5.000 Einw.

+-------------------+
| Key               |
|-------------------|
|     frequency     |
|  row percentage   |
| column percentage |
+-------------------+

           |                                      Hauptverkehrsmittel (differenziert)
        ek |    zu Fuß    Fahrrad  Mofa | Mo   Motorrad  Pkw (Mitf  Pkw (Fahr        Lkw       ÖPNV  Schiff |   sonstiges |     Total
-----------+--------------------------------------------------------------------------------------------------------------+----------
        .5 | 12.693317  1.4865183          0          0          0          0          0          0          0          0 | 14.179836 
           |     89.52      10.48       0.00       0.00       0.00       0.00       0.00       0.00       0.00       0.00 |    100.00 
           |     63.37       4.94       0.00       0.00       0.00       0.00       0.00       0.00       0.00       0.00 |      4.27 
-----------+--------------------------------------------------------------------------------------------------------------+----------
         1 | 4.6285317  2.7250298  .49781114          0  1.1957373  7.8747574  .94754519          0          0          0 | 17.869413 
           |     25.90      15.25       2.79       0.00       6.69      44.07       5.30       0.00       0.00       0.00 |    100.00 
           |     23.11       9.05      40.36       0.00      10.13       3.36      22.12       0.00       0.00       0.00 |      5.38 
-----------+--------------------------------------------------------------------------------------------------------------+----------
         2 | 1.3058567  6.6549358          0          0          0  12.485328          0  .65194189   .7913259          0 | 21.889389 
           |      5.97      30.40       0.00       0.00       0.00      57.04       0.00       2.98       3.62       0.00 |    100.00 
           |      6.52      22.11       0.00       0.00       0.00       5.33       0.00       2.65      27.60       0.00 |      6.59 
-----------+--------------------------------------------------------------------------------------------------------------+----------
         5 | 1.4019342  8.9624076          0          0  1.8229031 24.6982033          0   .5213225          0          0 | 37.406771 
           |      3.75      23.96       0.00       0.00       4.87      66.03       0.00       1.39       0.00       0.00 |    100.00 
           |      7.00      29.77       0.00       0.00      15.44      10.55       0.00       2.12       0.00       0.00 |     11.26 
-----------+--------------------------------------------------------------------------------------------------------------+----------
        10 |         0  9.6752883  .31439642  .52451659  2.0611212  39.022709          0  2.1948876          0  .50774567 | 54.300665 
           |      0.00      17.82       0.58       0.97       3.80      71.86       0.00       4.04       0.00       0.94 |    100.00 
           |      0.00      32.14      25.49      18.52      17.45      16.67       0.00       8.94       0.00     100.00 |     16.34 
-----------+--------------------------------------------------------------------------------------------------------------+----------
        25 |         0  .60110904          0  .54452247  3.6868599  82.282921  .80207794  7.0768414          0          0 | 94.994332 
           |      0.00       0.63       0.00       0.57       3.88      86.62       0.84       7.45       0.00       0.00 |    100.00 
           |      0.00       2.00       0.00      19.22      31.22      35.16      18.73      28.81       0.00       0.00 |     28.59 
-----------+--------------------------------------------------------------------------------------------------------------+----------
        50 |         0          0          0   1.763779  2.2936364  52.253206  2.5330814  13.121213  .60863315          0 |  72.57355 
           |      0.00       0.00       0.00       2.43       3.16      72.00       3.49      18.08       0.84       0.00 |    100.00 
           |      0.00       0.00       0.00      62.26      19.42      22.33      59.15      53.42      21.23       0.00 |     21.84 
-----------+--------------------------------------------------------------------------------------------------------------+----------
        51 |         0          0  .42135691          0  .74835773  15.437155          0  .99628113  1.4668025          0 | 19.069953 
           |      0.00       0.00       2.21       0.00       3.92      80.95       0.00       5.22       7.69       0.00 |    100.00 
           |      0.00       0.00      34.16       0.00       6.34       6.60       0.00       4.06      51.17       0.00 |      5.74 
-----------+--------------------------------------------------------------------------------------------------------------+----------
     Total |  20.02964  30.105289  1.2335645  2.8328181 11.8086156  234.05428  4.2827046 24.5624879  2.8667615  .50774567 | 332.28391 
           |      6.03       9.06       0.37       0.85       3.55      70.44       1.29       7.39       0.86       0.15 |    100.00 
           |    100.00     100.00     100.00     100.00     100.00     100.00     100.00     100.00     100.00     100.00 |    100.00 


---------------------------------------------------------------------------------------------------------------------------------------------------------
-> POLGK = 5.000 bis unter 20.000 Einw.

+-------------------+
| Key               |
|-------------------|
|     frequency     |
|  row percentage   |
| column percentage |
+-------------------+

           |                                           Hauptverkehrsmittel (differenziert)
        ek |    zu Fuß    Fahrrad  Mofa | Mo   Motorrad  Pkw (Mitf  Pkw (Fahr        Lkw       ÖPNV       Taxi  Schiff |   sonstiges |     Total
-----------+-------------------------------------------------------------------------------------------------------------------------+----------
        .5 |  27.36288  1.4348464          0          0          0  3.1551193          0          0          0          0          0 | 31.952846 
           |     85.64       4.49       0.00       0.00       0.00       9.87       0.00       0.00       0.00       0.00       0.00 |    100.00 
           |     54.07       2.16       0.00       0.00       0.00       0.72       0.00       0.00       0.00       0.00       0.00 |      4.72 
-----------+-------------------------------------------------------------------------------------------------------------------------+----------
         1 |  10.58875  17.305237          0          0  2.2329665  23.832453          0          0          0          0          0 | 53.959406 
           |     19.62      32.07       0.00       0.00       4.14      44.17       0.00       0.00       0.00       0.00       0.00 |    100.00 
           |     20.92      26.05       0.00       0.00       6.97       5.41       0.00       0.00       0.00       0.00       0.00 |      7.98 
-----------+-------------------------------------------------------------------------------------------------------------------------+----------
         2 | 6.2410831 14.7077389          0          0  .31075336  24.166685          0  .83304397          0          0          0 | 46.259304 
           |     13.49      31.79       0.00       0.00       0.67      52.24       0.00       1.80       0.00       0.00       0.00 |    100.00 
           |     12.33      22.14       0.00       0.00       0.97       5.49       0.00       1.22       0.00       0.00       0.00 |      6.84 
-----------+-------------------------------------------------------------------------------------------------------------------------+----------
         5 | 1.6759315  24.552746  .80962415          0  8.0049688  58.268776          0  3.3543778          0          0  .87474201 | 97.541166 
           |      1.72      25.17       0.83       0.00       8.21      59.74       0.00       3.44       0.00       0.00       0.90 |    100.00 
           |      3.31      36.97      27.25       0.00      25.00      13.24       0.00       4.93       0.00       0.00      42.50 |     14.42 
-----------+-------------------------------------------------------------------------------------------------------------------------+----------
        10 | 3.0755101  5.4342733          0          0  5.4815725  57.148052          0  5.8761737          0          0          0 |77.0155819 
           |      3.99       7.06       0.00       0.00       7.12      74.20       0.00       7.63       0.00       0.00       0.00 |    100.00 
           |      6.08       8.18       0.00       0.00      17.12      12.98       0.00       8.63       0.00       0.00       0.00 |     11.38 
-----------+-------------------------------------------------------------------------------------------------------------------------+----------
        25 |  .3984047 1.79917359  .70280043  1.3032065  5.0057371  130.05676  1.1214313  24.962957          0  3.0991249    1.18331 |  169.6329 
           |      0.23       1.06       0.41       0.77       2.95      76.67       0.66      14.72       0.00       1.83       0.70 |    100.00 
           |      0.79       2.71      23.65     100.00      15.63      29.55      33.93      36.66       0.00      34.68      57.50 |     25.07 
-----------+-------------------------------------------------------------------------------------------------------------------------+----------
        50 | .50911528  .19604298 1.45921324          0  6.1309541 102.873852  .98978509  27.794534  .65078814 2.36754651          0 | 142.97183 
           |      0.36       0.14       1.02       0.00       4.29      71.95       0.69      19.44       0.46       1.66       0.00 |    100.00 
           |      1.01       0.30      49.10       0.00      19.14      23.37      29.95      40.82     100.00      26.49       0.00 |     21.13 
-----------+-------------------------------------------------------------------------------------------------------------------------+----------
        51 |  .7522688  .98926781          0          0   4.857786  40.645381  1.1938766  5.2720934          0  3.4704667          0 |57.1811404 
           |      1.32       1.73       0.00       0.00       8.50      71.08       2.09       9.22       0.00       6.07       0.00 |    100.00 
           |      1.49       1.49       0.00       0.00      15.17       9.23      36.12       7.74       0.00      38.83       0.00 |      8.45 
-----------+-------------------------------------------------------------------------------------------------------------------------+----------
     Total | 50.603943  66.419326  2.9716378  1.3032065  32.024738 440.147077   3.305093   68.09318  .65078814  8.9371381  2.0580521 | 676.51418 
           |      7.48       9.82       0.44       0.19       4.73      65.06       0.49      10.07       0.10       1.32       0.30 |    100.00 
           |    100.00     100.00     100.00     100.00     100.00     100.00     100.00     100.00     100.00     100.00     100.00 |    100.00 


---------------------------------------------------------------------------------------------------------------------------------------------------------
-> POLGK = 20.000 bis unter 50.000 Einw.

+-------------------+
| Key               |
|-------------------|
|     frequency     |
|  row percentage   |
| column percentage |
+-------------------+

           |                                Hauptverkehrsmittel (differenziert)
        ek |    zu Fuß    Fahrrad  Mofa | Mo  Pkw (Mitf  Pkw (Fahr       ÖPNV       Taxi  Schiff |   sonstiges |     Total
-----------+---------------------------------------------------------------------------------------------------+----------
        .5 | 19.146928  .90065547          0          0  .30023511          0          0          0          0 | 20.347818 
           |     94.10       4.43       0.00       0.00       1.48       0.00       0.00       0.00       0.00 |    100.00 
           |     48.35       3.06       0.00       0.00       0.14       0.00       0.00       0.00       0.00 |      5.45 
-----------+---------------------------------------------------------------------------------------------------+----------
         1 | 9.8319091 7.86354598          0  .34065045  6.7596141  .78398626          0          0  .68207369 |  26.26178 
           |     37.44      29.94       0.00       1.30      25.74       2.99       0.00       0.00       2.60 |    100.00 
           |     24.83      26.69       0.00       1.43       3.10       1.44       0.00       0.00      31.11 |      7.03 
-----------+---------------------------------------------------------------------------------------------------+----------
         2 |4.78560339  11.212329          0  3.1811827  14.338295          0          0          0          0 |  33.51741 
           |     14.28      33.45       0.00       9.49      42.78       0.00       0.00       0.00       0.00 |    100.00 
           |     12.08      38.06       0.00      13.38       6.58       0.00       0.00       0.00       0.00 |      8.97 
-----------+---------------------------------------------------------------------------------------------------+----------
         5 | 5.0559699  7.1561181  .86847222  7.5287599  37.613984  2.6088457    1.34057          0          0 |  62.17272 
           |      8.13      11.51       1.40      12.11      60.50       4.20       2.16       0.00       0.00 |    100.00 
           |     12.77      24.29      77.68      31.66      17.25       4.80     100.00       0.00       0.00 |     16.65 
-----------+---------------------------------------------------------------------------------------------------+----------
        10 | .78398626 1.82440557  .24950651  3.2957548  25.569032  2.3072066          0          0          0 | 34.029892 
           |      2.30       5.36       0.73       9.68      75.14       6.78       0.00       0.00       0.00 |    100.00 
           |      1.98       6.19      22.32      13.86      11.73       4.24       0.00       0.00       0.00 |      9.11 
-----------+---------------------------------------------------------------------------------------------------+----------
        25 |         0  .50083892          0  4.1098958 59.6411275  15.113435          0  .68898047  1.5101803 | 81.564458 
           |      0.00       0.61       0.00       5.04      73.12      18.53       0.00       0.84       1.85 |    100.00 
           |      0.00       1.70       0.00      17.28      27.35      27.80       0.00      19.49      68.89 |     21.84 
-----------+---------------------------------------------------------------------------------------------------+----------
        50 |         0          0          0  4.3991817  58.286797   32.20081          0  .98648482          0 |95.8732736 
           |      0.00       0.00       0.00       4.59      60.80      33.59       0.00       1.03       0.00 |    100.00 
           |      0.00       0.00       0.00      18.50      26.73      59.23       0.00      27.90       0.00 |     25.67 
-----------+---------------------------------------------------------------------------------------------------+----------
        51 |         0          0          0  .92272818  15.558476   1.353129          0 1.85979174          0 | 19.694125 
           |      0.00       0.00       0.00       4.69      79.00       6.87       0.00       9.44       0.00 |    100.00 
           |      0.00       0.00       0.00       3.88       7.13       2.49       0.00      52.61       0.00 |      5.27 
-----------+---------------------------------------------------------------------------------------------------+----------
     Total | 39.604396  29.457893  1.1179787  23.778154  218.06756  54.367412    1.34057   3.535257   2.192254 | 373.46147 
           |     10.60       7.89       0.30       6.37      58.39      14.56       0.36       0.95       0.59 |    100.00 
           |    100.00     100.00     100.00     100.00     100.00     100.00     100.00     100.00     100.00 |    100.00 


---------------------------------------------------------------------------------------------------------------------------------------------------------
-> POLGK = 50.000 bis unter 100.000 Einw.

+-------------------+
| Key               |
|-------------------|
|     frequency     |
|  row percentage   |
| column percentage |
+-------------------+

           |                           Hauptverkehrsmittel (differenziert)
        ek |    zu Fuß    Fahrrad  Mofa | Mo  Pkw (Mitf  Pkw (Fahr       ÖPNV  Schiff |   sonstiges |     Total
-----------+----------------------------------------------------------------------------------------+----------
        .5 | 6.2087025  1.0087939          0          0  .72916332          0          0          0 | 7.9466598 
           |     78.13      12.69       0.00       0.00       9.18       0.00       0.00       0.00 |    100.00 
           |     41.00       4.89       0.00       0.00       1.18       0.00       0.00       0.00 |      6.33 
-----------+----------------------------------------------------------------------------------------+----------
         1 | 5.4754604  1.2009705          0          0  1.2630243          0          0          0 | 7.9394551 
           |     68.97      15.13       0.00       0.00      15.91       0.00       0.00       0.00 |    100.00 
           |     36.16       5.82       0.00       0.00       2.05       0.00       0.00       0.00 |      6.32 
-----------+----------------------------------------------------------------------------------------+----------
         2 | 2.9106813  2.3650972          0  .30134754  1.0750356          0          0          0 | 6.6521617 
           |     43.76      35.55       0.00       4.53      16.16       0.00       0.00       0.00 |    100.00 
           |     19.22      11.46       0.00       6.13       1.74       0.00       0.00       0.00 |      5.30 
-----------+----------------------------------------------------------------------------------------+----------
         5 | .54751848  6.7955164  .14821054  1.7468088  14.442906  1.2813614          0  .22350475 | 25.185826 
           |      2.17      26.98       0.59       6.94      57.35       5.09       0.00       0.89 |    100.00 
           |      3.62      32.92     100.00      35.56      23.41       6.77       0.00      30.20 |     20.06 
-----------+----------------------------------------------------------------------------------------+----------
        10 |         0  8.8206269          0  .58561234  5.5477194  2.4975419          0 .516549765 |  17.96805 
           |      0.00      49.09       0.00       3.26      30.88      13.90       0.00       2.87 |    100.00 
           |      0.00      42.74       0.00      11.92       8.99      13.20       0.00      69.80 |     14.31 
-----------+----------------------------------------------------------------------------------------+----------
        25 |         0  .44912166          0  1.0684294  26.478452  7.0004145          0          0 | 34.996418 
           |      0.00       1.28       0.00       3.05      75.66      20.00       0.00       0.00 |    100.00 
           |      0.00       2.18       0.00      21.75      42.91      36.99       0.00       0.00 |     27.88 
-----------+----------------------------------------------------------------------------------------+----------
        50 |         0          0          0  .43483755  5.2277012  4.2424515  1.1589245          0 | 11.063915 
           |      0.00       0.00       0.00       3.93      47.25      38.34      10.47       0.00 |    100.00 
           |      0.00       0.00       0.00       8.85       8.47      22.42      34.92       0.00 |      8.81 
-----------+----------------------------------------------------------------------------------------+----------
        51 |         0          0          0  .77506329   6.944104  3.9015403  2.1595711          0 | 13.780279 
           |      0.00       0.00       0.00       5.62      50.39      28.31      15.67       0.00 |    100.00 
           |      0.00       0.00       0.00      15.78      11.25      20.62      65.08       0.00 |     10.98 
-----------+----------------------------------------------------------------------------------------+----------
     Total | 15.142363  20.640127  .14821054  4.9120989  61.708106   18.92331  3.3184956  .74005451 | 125.53276 
           |     12.06      16.44       0.12       3.91      49.16      15.07       2.64       0.59 |    100.00 
           |    100.00     100.00     100.00     100.00     100.00     100.00     100.00     100.00 |    100.00 


---------------------------------------------------------------------------------------------------------------------------------------------------------
-> POLGK = 500.000 und mehr Einw.

+-------------------+
| Key               |
|-------------------|
|     frequency     |
|  row percentage   |
| column percentage |
+-------------------+

           |                                      Hauptverkehrsmittel (differenziert)
        ek |    zu Fuß    Fahrrad  Mofa | Mo   Motorrad  Pkw (Mitf  Pkw (Fahr        Lkw       ÖPNV       Taxi  Schiff |  |     Total
-----------+--------------------------------------------------------------------------------------------------------------+----------
        .5 | 120.52999  4.0885401          0          0          0 2.59427771          0          0          0          0 |  127.2128 
           |     94.75       3.21       0.00       0.00       0.00       2.04       0.00       0.00       0.00       0.00 |    100.00 
           |     60.34       2.63       0.00       0.00       0.00       0.46       0.00       0.00       0.00       0.00 |      8.88 
-----------+--------------------------------------------------------------------------------------------------------------+----------
         1 | 37.461976 13.6247278          0          0  3.0995113  10.699956          0  4.3990276          0          0 | 69.285198 
           |     54.07      19.66       0.00       0.00       4.47      15.44       0.00       6.35       0.00       0.00 |    100.00 
           |     18.75       8.76       0.00       0.00       5.44       1.88       0.00       1.09       0.00       0.00 |      4.84 
-----------+--------------------------------------------------------------------------------------------------------------+----------
         2 | 32.614213  29.747626          0          0 7.03394287  35.969038          0  16.595957          0          0 | 121.96078 
           |     26.74      24.39       0.00       0.00       5.77      29.49       0.00      13.61       0.00       0.00 |    100.00 
           |     16.33      19.13       0.00       0.00      12.34       6.32       0.00       4.12       0.00       0.00 |      8.51 
-----------+--------------------------------------------------------------------------------------------------------------+----------
         5 | 8.3269939   59.16768   3.180916 1.04057937 11.7829687  122.19999          0  54.346245  2.6301337          0 |262.675503 
           |      3.17      22.53       1.21       0.40       4.49      46.52       0.00      20.69       1.00       0.00 |    100.00 
           |      4.17      38.06     100.00      15.23      20.68      21.47       0.00      13.50      16.75       0.00 |     18.34 
-----------+--------------------------------------------------------------------------------------------------------------+----------
        10 |         0  43.813901          0          0  4.5248474  133.65698          0   106.7699          0  5.0427142 | 293.80834 
           |      0.00      14.91       0.00       0.00       1.54      45.49       0.00      36.34       0.00       1.72 |    100.00 
           |      0.00      28.18       0.00       0.00       7.94      23.48       0.00      26.52       0.00      24.23 |     20.51 
-----------+--------------------------------------------------------------------------------------------------------------+----------
        25 | .81748879  5.0279486          0  5.7922013  24.042641 204.299501          0  146.42823  13.067842  9.9246215 | 409.40048 
           |      0.20       1.23       0.00       1.41       5.87      49.90       0.00      35.77       3.19       2.42 |    100.00 
           |      0.41       3.23       0.00      84.77      42.19      35.89       0.00      36.38      83.25      47.68 |     28.58 
-----------+--------------------------------------------------------------------------------------------------------------+----------
        50 |         0          0          0          0  2.6062029  48.920777  2.0694297  56.283958          0  2.7904888 | 112.67086 
           |      0.00       0.00       0.00       0.00       2.31      43.42       1.84      49.95       0.00       2.48 |    100.00 
           |      0.00       0.00       0.00       0.00       4.57       8.59     100.00      13.98       0.00      13.41 |      7.86 
-----------+--------------------------------------------------------------------------------------------------------------+----------
        51 |         0          0          0          0  3.8939506  10.937767          0  17.710826          0  3.0556701 | 35.598214 
           |      0.00       0.00       0.00       0.00      10.94      30.73       0.00      49.75       0.00       8.58 |    100.00 
           |      0.00       0.00       0.00       0.00       6.83       1.92       0.00       4.40       0.00      14.68 |      2.48 
-----------+--------------------------------------------------------------------------------------------------------------+----------
     Total | 199.75066  155.47042   3.180916  6.8327807  56.984065  569.27828  2.0694297 402.534142  15.697976 20.8134946 | 1,432.612 
           |     13.94      10.85       0.22       0.48       3.98      39.74       0.14      28.10       1.10       1.45 |    100.00 
           |    100.00     100.00     100.00     100.00     100.00     100.00     100.00     100.00     100.00     100.00 |    100.00 



. bysort ek: tab POLGK  HVM_DIFF [iw=W_GEW] if  arbeit==1, row

---------------------------------------------------------------------------------------------------------------------------------------------------------
-> ek = .5

+----------------+
| Key            |
|----------------|
|   frequency    |
| row percentage |
+----------------+

                      |       Hauptverkehrsmittel
           politische |         (differenziert)
 Gemeindegrößenklasse |    zu Fuß    Fahrrad  Pkw (Fahr |     Total
----------------------+---------------------------------+----------
    unter 2.000 Einw. | 10.764105  .40666392          0 | 11.170769 
                      |     96.36       3.64       0.00 |    100.00 
----------------------+---------------------------------+----------
2.000 bis unter 5.000 | 12.693317  1.4865183          0 | 14.179836 
                      |     89.52      10.48       0.00 |    100.00 
----------------------+---------------------------------+----------
5.000 bis unter 20.00 |  27.36288  1.4348464  3.1551193 | 31.952846 
                      |     85.64       4.49       9.87 |    100.00 
----------------------+---------------------------------+----------
20.000 bis unter 50.0 | 19.146928  .90065547  .30023511 | 20.347818 
                      |     94.10       4.43       1.48 |    100.00 
----------------------+---------------------------------+----------
50.000 bis unter 100. | 6.2087025  1.0087939  .72916332 | 7.9466598 
                      |     78.13      12.69       9.18 |    100.00 
----------------------+---------------------------------+----------
500.000 und mehr Einw | 120.52999  4.0885401 2.59427771 |  127.2128 
                      |     94.75       3.21       2.04 |    100.00 
----------------------+---------------------------------+----------
                Total | 196.70592  9.3260181  6.7787955 | 212.81073 
                      |     92.43       4.38       3.19 |    100.00 


---------------------------------------------------------------------------------------------------------------------------------------------------------
-> ek = 1

+----------------+
| Key            |
|----------------|
|   frequency    |
| row percentage |
+----------------+

           politische |                           Hauptverkehrsmittel (differenziert)
 Gemeindegrößenklasse |    zu Fuß    Fahrrad  Mofa | Mo  Pkw (Mitf  Pkw (Fahr        Lkw       ÖPNV  sonstiges |     Total
----------------------+----------------------------------------------------------------------------------------+----------
    unter 2.000 Einw. | 4.7647419   3.166959          0          0  3.0186057          0          0          0 | 10.950307 
                      |     43.51      28.92       0.00       0.00      27.57       0.00       0.00       0.00 |    100.00 
----------------------+----------------------------------------------------------------------------------------+----------
2.000 bis unter 5.000 | 4.6285317  2.7250298  .49781114  1.1957373  7.8747574  .94754519          0          0 | 17.869413 
                      |     25.90      15.25       2.79       6.69      44.07       5.30       0.00       0.00 |    100.00 
----------------------+----------------------------------------------------------------------------------------+----------
5.000 bis unter 20.00 |  10.58875  17.305237          0  2.2329665  23.832453          0          0          0 | 53.959406 
                      |     19.62      32.07       0.00       4.14      44.17       0.00       0.00       0.00 |    100.00 
----------------------+----------------------------------------------------------------------------------------+----------
20.000 bis unter 50.0 | 9.8319091 7.86354598          0  .34065045  6.7596141          0  .78398626  .68207369 |  26.26178 
                      |     37.44      29.94       0.00       1.30      25.74       0.00       2.99       2.60 |    100.00 
----------------------+----------------------------------------------------------------------------------------+----------
50.000 bis unter 100. | 5.4754604  1.2009705          0          0  1.2630243          0          0          0 | 7.9394551 
                      |     68.97      15.13       0.00       0.00      15.91       0.00       0.00       0.00 |    100.00 
----------------------+----------------------------------------------------------------------------------------+----------
500.000 und mehr Einw | 37.461976 13.6247278          0  3.0995113  10.699956          0  4.3990276          0 | 69.285198 
                      |     54.07      19.66       0.00       4.47      15.44       0.00       6.35       0.00 |    100.00 
----------------------+----------------------------------------------------------------------------------------+----------
                Total | 72.751368 45.8864701  .49781114  6.8688654   53.44841  .94754519  5.1830139  .68207369 | 186.26556 
                      |     39.06      24.63       0.27       3.69      28.69       0.51       2.78       0.37 |    100.00 


---------------------------------------------------------------------------------------------------------------------------------------------------------
-> ek = 2

+----------------+
| Key            |
|----------------|
|   frequency    |
| row percentage |
+----------------+

           politische |                Hauptverkehrsmittel (differenziert)
 Gemeindegrößenklasse |    zu Fuß    Fahrrad  Pkw (Mitf  Pkw (Fahr       ÖPNV  Schiff |  |     Total
----------------------+------------------------------------------------------------------+----------
    unter 2.000 Einw. |         0  .66933341  2.4578682  5.2222805          0          0 | 8.3494821 
                      |      0.00       8.02      29.44      62.55       0.00       0.00 |    100.00 
----------------------+------------------------------------------------------------------+----------
2.000 bis unter 5.000 | 1.3058567  6.6549358          0  12.485328  .65194189   .7913259 | 21.889389 
                      |      5.97      30.40       0.00      57.04       2.98       3.62 |    100.00 
----------------------+------------------------------------------------------------------+----------
5.000 bis unter 20.00 | 6.2410831 14.7077389  .31075336  24.166685  .83304397          0 | 46.259304 
                      |     13.49      31.79       0.67      52.24       1.80       0.00 |    100.00 
----------------------+------------------------------------------------------------------+----------
20.000 bis unter 50.0 |4.78560339  11.212329  3.1811827  14.338295          0          0 |  33.51741 
                      |     14.28      33.45       9.49      42.78       0.00       0.00 |    100.00 
----------------------+------------------------------------------------------------------+----------
50.000 bis unter 100. | 2.9106813  2.3650972  .30134754  1.0750356          0          0 | 6.6521617 
                      |     43.76      35.55       4.53      16.16       0.00       0.00 |    100.00 
----------------------+------------------------------------------------------------------+----------
500.000 und mehr Einw | 32.614213  29.747626 7.03394287  35.969038  16.595957          0 | 121.96078 
                      |     26.74      24.39       5.77      29.49      13.61       0.00 |    100.00 
----------------------+------------------------------------------------------------------+----------
                Total |47.8574375   65.35706 13.2850946  93.256662  18.080943   .7913259 | 238.62852 
                      |     20.06      27.39       5.57      39.08       7.58       0.33 |    100.00 


---------------------------------------------------------------------------------------------------------------------------------------------------------
-> ek = 5

+----------------+
| Key            |
|----------------|
|   frequency    |
| row percentage |
+----------------+

           politische |                                      Hauptverkehrsmittel (differenziert)
 Gemeindegrößenklasse |    zu Fuß    Fahrrad  Mofa | Mo   Motorrad  Pkw (Mitf  Pkw (Fahr       ÖPNV       Taxi  Schiff |   sonstiges |     Total
----------------------+--------------------------------------------------------------------------------------------------------------+----------
    unter 2.000 Einw. | 1.2085697  3.5822943          0          0  .75896302  19.769741   .4798495          0  .50375679 .366932164 | 26.670106 
                      |      4.53      13.43       0.00       0.00       2.85      74.13       1.80       0.00       1.89       1.38 |    100.00 
----------------------+--------------------------------------------------------------------------------------------------------------+----------
2.000 bis unter 5.000 | 1.4019342  8.9624076          0          0  1.8229031 24.6982033   .5213225          0          0          0 | 37.406771 
                      |      3.75      23.96       0.00       0.00       4.87      66.03       1.39       0.00       0.00       0.00 |    100.00 
----------------------+--------------------------------------------------------------------------------------------------------------+----------
5.000 bis unter 20.00 | 1.6759315  24.552746  .80962415          0  8.0049688  58.268776  3.3543778          0          0  .87474201 | 97.541166 
                      |      1.72      25.17       0.83       0.00       8.21      59.74       3.44       0.00       0.00       0.90 |    100.00 
----------------------+--------------------------------------------------------------------------------------------------------------+----------
20.000 bis unter 50.0 | 5.0559699  7.1561181  .86847222          0  7.5287599  37.613984  2.6088457    1.34057          0          0 |  62.17272 
                      |      8.13      11.51       1.40       0.00      12.11      60.50       4.20       2.16       0.00       0.00 |    100.00 
----------------------+--------------------------------------------------------------------------------------------------------------+----------
50.000 bis unter 100. | .54751848  6.7955164  .14821054          0  1.7468088  14.442906  1.2813614          0          0  .22350475 | 25.185826 
                      |      2.17      26.98       0.59       0.00       6.94      57.35       5.09       0.00       0.00       0.89 |    100.00 
----------------------+--------------------------------------------------------------------------------------------------------------+----------
500.000 und mehr Einw | 8.3269939   59.16768   3.180916 1.04057937 11.7829687  122.19999  54.346245  2.6301337          0          0 |262.675503 
                      |      3.17      22.53       1.21       0.40       4.49      46.52      20.69       1.00       0.00       0.00 |    100.00 
----------------------+--------------------------------------------------------------------------------------------------------------+----------
                Total | 18.216918  110.21676  5.0072229 1.04057937  31.645372   276.9936  62.592002  3.9707037  .50375679  1.4651789 | 511.65209 
                      |      3.56      21.54       0.98       0.20       6.18      54.14      12.23       0.78       0.10       0.29 |    100.00 


---------------------------------------------------------------------------------------------------------------------------------------------------------
-> ek = 10

+----------------+
| Key            |
|----------------|
|   frequency    |
| row percentage |
+----------------+

           politische |                                Hauptverkehrsmittel (differenziert)
 Gemeindegrößenklasse |    zu Fuß    Fahrrad  Mofa | Mo   Motorrad  Pkw (Mitf  Pkw (Fahr       ÖPNV  Schiff |   sonstiges |     Total
----------------------+---------------------------------------------------------------------------------------------------+----------
    unter 2.000 Einw. | 1.3284333  5.0029022  .54876623          0  1.7450146  53.986788 2.22998376          0          0 | 64.841888 
                      |      2.05       7.72       0.85       0.00       2.69      83.26       3.44       0.00       0.00 |    100.00 
----------------------+---------------------------------------------------------------------------------------------------+----------
2.000 bis unter 5.000 |         0  9.6752883  .31439642  .52451659  2.0611212  39.022709  2.1948876          0  .50774567 | 54.300665 
                      |      0.00      17.82       0.58       0.97       3.80      71.86       4.04       0.00       0.94 |    100.00 
----------------------+---------------------------------------------------------------------------------------------------+----------
5.000 bis unter 20.00 | 3.0755101  5.4342733          0          0  5.4815725  57.148052  5.8761737          0          0 |77.0155819 
                      |      3.99       7.06       0.00       0.00       7.12      74.20       7.63       0.00       0.00 |    100.00 
----------------------+---------------------------------------------------------------------------------------------------+----------
20.000 bis unter 50.0 | .78398626 1.82440557  .24950651          0  3.2957548  25.569032  2.3072066          0          0 | 34.029892 
                      |      2.30       5.36       0.73       0.00       9.68      75.14       6.78       0.00       0.00 |    100.00 
----------------------+---------------------------------------------------------------------------------------------------+----------
50.000 bis unter 100. |         0  8.8206269          0          0  .58561234  5.5477194  2.4975419          0 .516549765 |  17.96805 
                      |      0.00      49.09       0.00       0.00       3.26      30.88      13.90       0.00       2.87 |    100.00 
----------------------+---------------------------------------------------------------------------------------------------+----------
500.000 und mehr Einw |         0  43.813901          0          0  4.5248474  133.65698   106.7699  5.0427142          0 | 293.80834 
                      |      0.00      14.91       0.00       0.00       1.54      45.49      36.34       1.72       0.00 |    100.00 
----------------------+---------------------------------------------------------------------------------------------------+----------
                Total | 5.1879297  74.571398  1.1126692  .52451659 17.6939229 314.931282  121.87569  5.0427142  1.0242954 | 541.96442 
                      |      0.96      13.76       0.21       0.10       3.26      58.11      22.49       0.93       0.19 |    100.00 


---------------------------------------------------------------------------------------------------------------------------------------------------------
-> ek = 25

+----------------+
| Key            |
|----------------|
|   frequency    |
| row percentage |
+----------------+

           politische |                                      Hauptverkehrsmittel (differenziert)
 Gemeindegrößenklasse |    zu Fuß    Fahrrad  Mofa | Mo   Motorrad  Pkw (Mitf  Pkw (Fahr        Lkw       ÖPNV       Taxi  Schiff |  |     Total
----------------------+--------------------------------------------------------------------------------------------------------------+----------
    unter 2.000 Einw. |         0  .50448164          0  .70498178  9.4511986  111.48348          0  7.8736648  .70772018          0 | 130.72553 
                      |      0.00       0.39       0.00       0.54       7.23      85.28       0.00       6.02       0.54       0.00 |    100.00 
----------------------+--------------------------------------------------------------------------------------------------------------+----------
2.000 bis unter 5.000 |         0  .60110904          0  .54452247  3.6868599  82.282921  .80207794  7.0768414          0          0 | 94.994332 
                      |      0.00       0.63       0.00       0.57       3.88      86.62       0.84       7.45       0.00       0.00 |    100.00 
----------------------+--------------------------------------------------------------------------------------------------------------+----------
5.000 bis unter 20.00 |  .3984047 1.79917359  .70280043  1.3032065  5.0057371  130.05676  1.1214313  24.962957          0  3.0991249 |  169.6329 
                      |      0.23       1.06       0.41       0.77       2.95      76.67       0.66      14.72       0.00       1.83 |    100.00 
----------------------+--------------------------------------------------------------------------------------------------------------+----------
20.000 bis unter 50.0 |         0  .50083892          0          0  4.1098958 59.6411275          0  15.113435          0  .68898047 | 81.564458 
                      |      0.00       0.61       0.00       0.00       5.04      73.12       0.00      18.53       0.00       0.84 |    100.00 
----------------------+--------------------------------------------------------------------------------------------------------------+----------
50.000 bis unter 100. |         0  .44912166          0          0  1.0684294  26.478452          0  7.0004145          0          0 | 34.996418 
                      |      0.00       1.28       0.00       0.00       3.05      75.66       0.00      20.00       0.00       0.00 |    100.00 
----------------------+--------------------------------------------------------------------------------------------------------------+----------
500.000 und mehr Einw | .81748879  5.0279486          0  5.7922013  24.042641 204.299501          0  146.42823  13.067842  9.9246215 | 409.40048 
                      |      0.20       1.23       0.00       1.41       5.87      49.90       0.00      35.77       3.19       2.42 |    100.00 
----------------------+--------------------------------------------------------------------------------------------------------------+----------
                Total | 1.2158935  8.8826735  .70280043   8.344912  47.364762  614.24224  1.9235092  208.45554  13.775562 13.7127268 | 921.31411 
                      |      0.13       0.96       0.08       0.91       5.14      66.67       0.21      22.63       1.50       1.49 |    100.00 


                      | Hauptverke
                      | hrsmittel
                      | (differenz
           politische |   iert)
 Gemeindegrößenklasse | sonstiges |     Total
----------------------+-----------+----------
    unter 2.000 Einw. |         0 | 130.72553 
                      |      0.00 |    100.00 
----------------------+-----------+----------
2.000 bis unter 5.000 |         0 | 94.994332 
                      |      0.00 |    100.00 
----------------------+-----------+----------
5.000 bis unter 20.00 |   1.18331 |  169.6329 
                      |      0.70 |    100.00 
----------------------+-----------+----------
20.000 bis unter 50.0 | 1.5101803 | 81.564458 
                      |      1.85 |    100.00 
----------------------+-----------+----------
50.000 bis unter 100. |         0 | 34.996418 
                      |      0.00 |    100.00 
----------------------+-----------+----------
500.000 und mehr Einw |         0 | 409.40048 
                      |      0.00 |    100.00 
----------------------+-----------+----------
                Total | 2.6934904 | 921.31411 
                      |      0.29 |    100.00 


---------------------------------------------------------------------------------------------------------------------------------------------------------
-> ek = 50

+----------------+
| Key            |
|----------------|
|   frequency    |
| row percentage |
+----------------+

           politische |                                      Hauptverkehrsmittel (differenziert)
 Gemeindegrößenklasse |    zu Fuß    Fahrrad  Mofa | Mo   Motorrad  Pkw (Mitf  Pkw (Fahr        Lkw       ÖPNV       Taxi  Schiff |  |     Total
----------------------+--------------------------------------------------------------------------------------------------------------+----------
    unter 2.000 Einw. |         0          0  .50126812  .41415772  4.6389272  72.409339          0  13.748055  .46525672          0 | 92.177004 
                      |      0.00       0.00       0.54       0.45       5.03      78.55       0.00      14.91       0.50       0.00 |    100.00 
----------------------+--------------------------------------------------------------------------------------------------------------+----------
2.000 bis unter 5.000 |         0          0          0   1.763779  2.2936364  52.253206  2.5330814  13.121213          0  .60863315 |  72.57355 
                      |      0.00       0.00       0.00       2.43       3.16      72.00       3.49      18.08       0.00       0.84 |    100.00 
----------------------+--------------------------------------------------------------------------------------------------------------+----------
5.000 bis unter 20.00 | .50911528  .19604298 1.45921324          0  6.1309541 102.873852  .98978509  27.794534  .65078814 2.36754651 | 142.97183 
                      |      0.36       0.14       1.02       0.00       4.29      71.95       0.69      19.44       0.46       1.66 |    100.00 
----------------------+--------------------------------------------------------------------------------------------------------------+----------
20.000 bis unter 50.0 |         0          0          0          0  4.3991817  58.286797          0   32.20081          0  .98648482 |95.8732736 
                      |      0.00       0.00       0.00       0.00       4.59      60.80       0.00      33.59       0.00       1.03 |    100.00 
----------------------+--------------------------------------------------------------------------------------------------------------+----------
50.000 bis unter 100. |         0          0          0          0  .43483755  5.2277012          0  4.2424515          0  1.1589245 | 11.063915 
                      |      0.00       0.00       0.00       0.00       3.93      47.25       0.00      38.34       0.00      10.47 |    100.00 
----------------------+--------------------------------------------------------------------------------------------------------------+----------
500.000 und mehr Einw |         0          0          0          0  2.6062029  48.920777  2.0694297  56.283958          0  2.7904888 | 112.67086 
                      |      0.00       0.00       0.00       0.00       2.31      43.42       1.84      49.95       0.00       2.48 |    100.00 
----------------------+--------------------------------------------------------------------------------------------------------------+----------
                Total | .50911528  .19604298  1.9604814  2.1779367   20.50374  339.97167  5.5922963  147.39102  1.1160449  7.9120778 | 527.33043 
                      |      0.10       0.04       0.37       0.41       3.89      64.47       1.06      27.95       0.21       1.50 |    100.00 


---------------------------------------------------------------------------------------------------------------------------------------------------------
-> ek = 51

+----------------+
| Key            |
|----------------|
|   frequency    |
| row percentage |
+----------------+

           politische |                           Hauptverkehrsmittel (differenziert)
 Gemeindegrößenklasse |    zu Fuß    Fahrrad  Mofa | Mo  Pkw (Mitf  Pkw (Fahr        Lkw       ÖPNV  Schiff |  |     Total
----------------------+----------------------------------------------------------------------------------------+----------
    unter 2.000 Einw. |         0          0          0    3.99405    33.3312  .31588195  2.4066772  .23933539 | 40.287145 
                      |      0.00       0.00       0.00       9.91      82.73       0.78       5.97       0.59 |    100.00 
----------------------+----------------------------------------------------------------------------------------+----------
2.000 bis unter 5.000 |         0          0  .42135691  .74835773  15.437155          0  .99628113  1.4668025 | 19.069953 
                      |      0.00       0.00       2.21       3.92      80.95       0.00       5.22       7.69 |    100.00 
----------------------+----------------------------------------------------------------------------------------+----------
5.000 bis unter 20.00 |  .7522688  .98926781          0   4.857786  40.645381  1.1938766  5.2720934  3.4704667 |57.1811404 
                      |      1.32       1.73       0.00       8.50      71.08       2.09       9.22       6.07 |    100.00 
----------------------+----------------------------------------------------------------------------------------+----------
20.000 bis unter 50.0 |         0          0          0  .92272818  15.558476          0   1.353129 1.85979174 | 19.694125 
                      |      0.00       0.00       0.00       4.69      79.00       0.00       6.87       9.44 |    100.00 
----------------------+----------------------------------------------------------------------------------------+----------
50.000 bis unter 100. |         0          0          0  .77506329   6.944104          0  3.9015403  2.1595711 | 13.780279 
                      |      0.00       0.00       0.00       5.62      50.39       0.00      28.31      15.67 |    100.00 
----------------------+----------------------------------------------------------------------------------------+----------
500.000 und mehr Einw |         0          0          0  3.8939506  10.937767          0  17.710826  3.0556701 | 35.598214 
                      |      0.00       0.00       0.00      10.94      30.73       0.00      49.75       8.58 |    100.00 
----------------------+----------------------------------------------------------------------------------------+----------
                Total |  .7522688  .98926781  .42135691  15.191936  122.85408  1.5097586 31.6405472  12.251638 | 185.61086 
                      |      0.41       0.53       0.23       8.18      66.19       0.81      17.05       6.60 |    100.00 


---------------------------------------------------------------------------------------------------------------------------------------------------------
-> ek = .

+----------------+
| Key            |
|----------------|
|   frequency    |
| row percentage |
+----------------+

           politische |                                Hauptverkehrsmittel (differenziert)
 Gemeindegrößenklasse |    zu Fuß    Fahrrad   Motorrad  Pkw (Mitf  Pkw (Fahr        Lkw       ÖPNV  Schiff |   sonstiges |     Total
----------------------+---------------------------------------------------------------------------------------------------+----------
    unter 2.000 Einw. | 7.1884709  3.1073297  .70498178  8.0372299  42.857286          0  2.4800602          0          0 | 64.375358 
                      |     11.17       4.83       1.10      12.48      66.57       0.00       3.85       0.00       0.00 |    100.00 
----------------------+---------------------------------------------------------------------------------------------------+----------
2.000 bis unter 5.000 | 12.568626          0          0  4.2959389  15.949295          0  1.9398393          0          0 | 34.753699 
                      |     36.16       0.00       0.00      12.36      45.89       0.00       5.58       0.00       0.00 |    100.00 
----------------------+---------------------------------------------------------------------------------------------------+----------
5.000 bis unter 20.00 | 11.968585  6.2545234          0   5.126284  45.883649  .27787853  5.7550077  2.8930218  1.3086714 |79.4676212 
                      |     15.06       7.87       0.00       6.45      57.74       0.35       7.24       3.64       1.65 |    100.00 
----------------------+---------------------------------------------------------------------------------------------------+----------
20.000 bis unter 50.0 | 4.9909424  3.4355156          0   5.122007  19.380503          0 9.40202282  1.1914709          0 |43.5224619 
                      |     11.47       7.89       0.00      11.77      44.53       0.00      21.60       2.74       0.00 |    100.00 
----------------------+---------------------------------------------------------------------------------------------------+----------
50.000 bis unter 100. | 4.8230108 1.28779025          0  1.9480042  5.4771069          0  1.2721771          0          0 | 14.808089 
                      |     32.57       8.70       0.00      13.16      36.99       0.00       8.59       0.00       0.00 |    100.00 
----------------------+---------------------------------------------------------------------------------------------------+----------
500.000 und mehr Einw |         0          0          0          0  1.0644846          0 7.24380189          0          0 | 8.3082865 
                      |      0.00       0.00       0.00       0.00      12.81       0.00      87.19       0.00       0.00 |    100.00 
----------------------+---------------------------------------------------------------------------------------------------+----------
                Total | 41.539635 14.0851589  .70498178  24.529464  130.61232  .27787853  28.092909  4.0844928  1.3086714 | 245.23552 
                      |     16.94       5.74       0.29      10.00      53.26       0.11      11.46       1.67       0.53 |    100.00 



. bysort HVM_DIFF: tab ek POLGK   [iw=W_GEW] if  arbeit==1, col

------------------------------------------------------------------------------------------------------------------------------------------------------
-> HVM_DIFF = zu Fuß

+-------------------+
| Key               |
|-------------------|
|     frequency     |
| column percentage |
+-------------------+

           |                  politische Gemeindegrößenklasse
        ek | unter 2.0  2.000 bis  5.000 bis  20.000 bi  50.000 bi  500.000 u |     Total
-----------+------------------------------------------------------------------+----------
        .5 | 10.764105  12.693317   27.36288  19.146928  6.2087025  120.52999 | 196.70592 
           |     59.58      63.37      54.07      48.35      41.00      60.34 |     57.32 
-----------+------------------------------------------------------------------+----------
         1 | 4.7647419  4.6285317   10.58875  9.8319091  5.4754604  37.461976 | 72.751368 
           |     26.37      23.11      20.92      24.83      36.16      18.75 |     21.20 
-----------+------------------------------------------------------------------+----------
         2 |         0  1.3058567  6.2410831 4.78560339  2.9106813  32.614213 |47.8574375 
           |      0.00       6.52      12.33      12.08      19.22      16.33 |     13.94 
-----------+------------------------------------------------------------------+----------
         5 | 1.2085697  1.4019342  1.6759315  5.0559699  .54751848  8.3269939 | 18.216918 
           |      6.69       7.00       3.31      12.77       3.62       4.17 |      5.31 
-----------+------------------------------------------------------------------+----------
        10 | 1.3284333          0  3.0755101  .78398626          0          0 | 5.1879297 
           |      7.35       0.00       6.08       1.98       0.00       0.00 |      1.51 
-----------+------------------------------------------------------------------+----------
        25 |         0          0   .3984047          0          0  .81748879 | 1.2158935 
           |      0.00       0.00       0.79       0.00       0.00       0.41 |      0.35 
-----------+------------------------------------------------------------------+----------
        50 |         0          0  .50911528          0          0          0 | .50911528 
           |      0.00       0.00       1.01       0.00       0.00       0.00 |      0.15 
-----------+------------------------------------------------------------------+----------
        51 |         0          0   .7522688          0          0          0 |  .7522688 
           |      0.00       0.00       1.49       0.00       0.00       0.00 |      0.22 
-----------+------------------------------------------------------------------+----------
     Total |  18.06585   20.02964  50.603943  39.604396  15.142363  199.75066 | 343.19685 
           |    100.00     100.00     100.00     100.00     100.00     100.00 |    100.00 


------------------------------------------------------------------------------------------------------------------------------------------------------
-> HVM_DIFF = Fahrrad

+-------------------+
| Key               |
|-------------------|
|     frequency     |
| column percentage |
+-------------------+

           |                  politische Gemeindegrößenklasse
        ek | unter 2.0  2.000 bis  5.000 bis  20.000 bi  50.000 bi  500.000 u |     Total
-----------+------------------------------------------------------------------+----------
        .5 | .40666392  1.4865183  1.4348464  .90065547  1.0087939  4.0885401 | 9.3260181 
           |      3.05       4.94       2.16       3.06       4.89       2.63 |      2.96 
-----------+------------------------------------------------------------------+----------
         1 |  3.166959  2.7250298  17.305237 7.86354598  1.2009705 13.6247278 |45.8864701 
           |     23.75       9.05      26.05      26.69       5.82       8.76 |     14.55 
-----------+------------------------------------------------------------------+----------
         2 | .66933341  6.6549358 14.7077389  11.212329  2.3650972  29.747626 |  65.35706 
           |      5.02      22.11      22.14      38.06      11.46      19.13 |     20.72 
-----------+------------------------------------------------------------------+----------
         5 | 3.5822943  8.9624076  24.552746  7.1561181  6.7955164   59.16768 | 110.21676 
           |     26.87      29.77      36.97      24.29      32.92      38.06 |     34.94 
-----------+------------------------------------------------------------------+----------
        10 | 5.0029022  9.6752883  5.4342733 1.82440557  8.8206269  43.813901 | 74.571398 
           |     37.52      32.14       8.18       6.19      42.74      28.18 |     23.64 
-----------+------------------------------------------------------------------+----------
        25 | .50448164  .60110904 1.79917359  .50083892  .44912166  5.0279486 | 8.8826735 
           |      3.78       2.00       2.71       1.70       2.18       3.23 |      2.82 
-----------+------------------------------------------------------------------+----------
        50 |         0          0  .19604298          0          0          0 | .19604298 
           |      0.00       0.00       0.30       0.00       0.00       0.00 |      0.06 
-----------+------------------------------------------------------------------+----------
        51 |         0          0  .98926781          0          0          0 | .98926781 
           |      0.00       0.00       1.49       0.00       0.00       0.00 |      0.31 
-----------+------------------------------------------------------------------+----------
     Total | 13.332634  30.105289  66.419326  29.457893  20.640127  155.47042 |315.425692 
           |    100.00     100.00     100.00     100.00     100.00     100.00 |    100.00 


------------------------------------------------------------------------------------------------------------------------------------------------------
-> HVM_DIFF = Mofa | Moped

+-------------------+
| Key               |
|-------------------|
|     frequency     |
| column percentage |
+-------------------+

           |                  politische Gemeindegrößenklasse
        ek | unter 2.0  2.000 bis  5.000 bis  20.000 bi  50.000 bi  500.000 u |     Total
-----------+------------------------------------------------------------------+----------
         1 |         0  .49781114          0          0          0          0 | .49781114 
           |      0.00      40.36       0.00       0.00       0.00       0.00 |      5.13 
-----------+------------------------------------------------------------------+----------
         5 |         0          0  .80962415  .86847222  .14821054   3.180916 | 5.0072229 
           |      0.00       0.00      27.25      77.68     100.00     100.00 |     51.61 
-----------+------------------------------------------------------------------+----------
        10 | .54876623  .31439642          0  .24950651          0          0 | 1.1126692 
           |     52.26      25.49       0.00      22.32       0.00       0.00 |     11.47 
-----------+------------------------------------------------------------------+----------
        25 |         0          0  .70280043          0          0          0 | .70280043 
           |      0.00       0.00      23.65       0.00       0.00       0.00 |      7.24 
-----------+------------------------------------------------------------------+----------
        50 | .50126812          0 1.45921324          0          0          0 | 1.9604814 
           |     47.74       0.00      49.10       0.00       0.00       0.00 |     20.21 
-----------+------------------------------------------------------------------+----------
        51 |         0  .42135691          0          0          0          0 | .42135691 
           |      0.00      34.16       0.00       0.00       0.00       0.00 |      4.34 
-----------+------------------------------------------------------------------+----------
     Total | 1.0500343  1.2335645  2.9716378  1.1179787  .14821054   3.180916 | 9.7023419 
           |    100.00     100.00     100.00     100.00     100.00     100.00 |    100.00 


------------------------------------------------------------------------------------------------------------------------------------------------------
-> HVM_DIFF = Motorrad

+-------------------+
| Key               |
|-------------------|
|     frequency     |
| column percentage |
+-------------------+

           |       politische Gemeindegrößenklasse
        ek | unter 2.0  2.000 bis  5.000 bis  500.000 u |     Total
-----------+--------------------------------------------+----------
         5 |         0          0          0 1.04057937 |1.04057937 
           |      0.00       0.00       0.00      15.23 |      8.61 
-----------+--------------------------------------------+----------
        10 |         0  .52451659          0          0 | .52451659 
           |      0.00      18.52       0.00       0.00 |      4.34 
-----------+--------------------------------------------+----------
        25 | .70498178  .54452247  1.3032065  5.7922013 |  8.344912 
           |     62.99      19.22     100.00      84.77 |     69.03 
-----------+--------------------------------------------+----------
        50 | .41415772   1.763779          0          0 | 2.1779367 
           |     37.01      62.26       0.00       0.00 |     18.02 
-----------+--------------------------------------------+----------
     Total | 1.1191395  2.8328181  1.3032065  6.8327807 | 12.087945 
           |    100.00     100.00     100.00     100.00 |    100.00 


------------------------------------------------------------------------------------------------------------------------------------------------------
-> HVM_DIFF = Pkw (Mitfahrer)

+-------------------+
| Key               |
|-------------------|
|     frequency     |
| column percentage |
+-------------------+

           |                  politische Gemeindegrößenklasse
        ek | unter 2.0  2.000 bis  5.000 bis  20.000 bi  50.000 bi  500.000 u |     Total
-----------+------------------------------------------------------------------+----------
         1 |         0  1.1957373  2.2329665  .34065045          0  3.0995113 | 6.8688654 
           |      0.00      10.13       6.97       1.43       0.00       5.44 |      4.50 
-----------+------------------------------------------------------------------+----------
         2 | 2.4578682          0  .31075336  3.1811827  .30134754 7.03394287 |13.2850946 
           |     10.67       0.00       0.97      13.38       6.13      12.34 |      8.71 
-----------+------------------------------------------------------------------+----------
         5 | .75896302  1.8229031  8.0049688  7.5287599  1.7468088 11.7829687 | 31.645372 
           |      3.29      15.44      25.00      31.66      35.56      20.68 |     20.74 
-----------+------------------------------------------------------------------+----------
        10 | 1.7450146  2.0611212  5.4815725  3.2957548  .58561234  4.5248474 |17.6939229 
           |      7.57      17.45      17.12      13.86      11.92       7.94 |     11.60 
-----------+------------------------------------------------------------------+----------
        25 | 9.4511986  3.6868599  5.0057371  4.1098958  1.0684294  24.042641 | 47.364762 
           |     41.01      31.22      15.63      17.28      21.75      42.19 |     31.05 
-----------+------------------------------------------------------------------+----------
        50 | 4.6389272  2.2936364  6.1309541  4.3991817  .43483755  2.6062029 |  20.50374 
           |     20.13      19.42      19.14      18.50       8.85       4.57 |     13.44 
-----------+------------------------------------------------------------------+----------
        51 |   3.99405  .74835773   4.857786  .92272818  .77506329  3.8939506 | 15.191936 
           |     17.33       6.34      15.17       3.88      15.78       6.83 |      9.96 
-----------+------------------------------------------------------------------+----------
     Total | 23.046021 11.8086156  32.024738  23.778154  4.9120989  56.984065 | 152.55369 
           |    100.00     100.00     100.00     100.00     100.00     100.00 |    100.00 


------------------------------------------------------------------------------------------------------------------------------------------------------
-> HVM_DIFF = Pkw (Fahrer)

+-------------------+
| Key               |
|-------------------|
|     frequency     |
| column percentage |
+-------------------+

           |                  politische Gemeindegrößenklasse
        ek | unter 2.0  2.000 bis  5.000 bis  20.000 bi  50.000 bi  500.000 u |     Total
-----------+------------------------------------------------------------------+----------
        .5 |         0          0  3.1551193  .30023511  .72916332 2.59427771 | 6.7787955 
           |      0.00       0.00       0.72       0.14       1.18       0.46 |      0.37 
-----------+------------------------------------------------------------------+----------
         1 | 3.0186057  7.8747574  23.832453  6.7596141  1.2630243  10.699956 |  53.44841 
           |      1.01       3.36       5.41       3.10       2.05       1.88 |      2.93 
-----------+------------------------------------------------------------------+----------
         2 | 5.2222805  12.485328  24.166685  14.338295  1.0750356  35.969038 | 93.256662 
           |      1.75       5.33       5.49       6.58       1.74       6.32 |      5.12 
-----------+------------------------------------------------------------------+----------
         5 | 19.769741 24.6982033  58.268776  37.613984  14.442906  122.19999 |  276.9936 
           |      6.61      10.55      13.24      17.25      23.41      21.47 |     15.20 
-----------+------------------------------------------------------------------+----------
        10 | 53.986788  39.022709  57.148052  25.569032  5.5477194  133.65698 |314.931282 
           |     18.04      16.67      12.98      11.73       8.99      23.48 |     17.28 
-----------+------------------------------------------------------------------+----------
        25 | 111.48348  82.282921  130.05676 59.6411275  26.478452 204.299501 | 614.24224 
           |     37.26      35.16      29.55      27.35      42.91      35.89 |     33.70 
-----------+------------------------------------------------------------------+----------
        50 | 72.409339  52.253206 102.873852  58.286797  5.2277012  48.920777 | 339.97167 
           |     24.20      22.33      23.37      26.73       8.47       8.59 |     18.65 
-----------+------------------------------------------------------------------+----------
        51 |   33.3312  15.437155  40.645381  15.558476   6.944104  10.937767 | 122.85408 
           |     11.14       6.60       9.23       7.13      11.25       1.92 |      6.74 
-----------+------------------------------------------------------------------+----------
     Total | 299.22143  234.05428 440.147077  218.06756  61.708106  569.27828 | 1,822.477 
           |    100.00     100.00     100.00     100.00     100.00     100.00 |    100.00 


------------------------------------------------------------------------------------------------------------------------------------------------------
-> HVM_DIFF = Lkw

+-------------------+
| Key               |
|-------------------|
|     frequency     |
| column percentage |
+-------------------+

           |       politische Gemeindegrößenklasse
        ek | unter 2.0  2.000 bis  5.000 bis  500.000 u |     Total
-----------+--------------------------------------------+----------
         1 |         0  .94754519          0          0 | .94754519 
           |      0.00      22.12       0.00       0.00 |      9.50 
-----------+--------------------------------------------+----------
        25 |         0  .80207794  1.1214313          0 | 1.9235092 
           |      0.00      18.73      33.93       0.00 |     19.29 
-----------+--------------------------------------------+----------
        50 |         0  2.5330814  .98978509  2.0694297 | 5.5922963 
           |      0.00      59.15      29.95     100.00 |     56.07 
-----------+--------------------------------------------+----------
        51 | .31588195          0  1.1938766          0 | 1.5097586 
           |    100.00       0.00      36.12       0.00 |     15.14 
-----------+--------------------------------------------+----------
     Total | .31588195  4.2827046   3.305093  2.0694297 | 9.9731092 
           |    100.00     100.00     100.00     100.00 |    100.00 


------------------------------------------------------------------------------------------------------------------------------------------------------
-> HVM_DIFF = ÖPNV

+-------------------+
| Key               |
|-------------------|
|     frequency     |
| column percentage |
+-------------------+

           |                  politische Gemeindegrößenklasse
        ek | unter 2.0  2.000 bis  5.000 bis  20.000 bi  50.000 bi  500.000 u |     Total
-----------+------------------------------------------------------------------+----------
         1 |         0          0          0  .78398626          0  4.3990276 | 5.1830139 
           |      0.00       0.00       0.00       1.44       0.00       1.09 |      0.87 
-----------+------------------------------------------------------------------+----------
         2 |         0  .65194189  .83304397          0          0  16.595957 | 18.080943 
           |      0.00       2.65       1.22       0.00       0.00       4.12 |      3.04 
-----------+------------------------------------------------------------------+----------
         5 |  .4798495   .5213225  3.3543778  2.6088457  1.2813614  54.346245 | 62.592002 
           |      1.79       2.12       4.93       4.80       6.77      13.50 |     10.52 
-----------+------------------------------------------------------------------+----------
        10 |2.22998376  2.1948876  5.8761737  2.3072066  2.4975419   106.7699 | 121.87569 
           |      8.34       8.94       8.63       4.24      13.20      26.52 |     20.48 
-----------+------------------------------------------------------------------+----------
        25 | 7.8736648  7.0768414  24.962957  15.113435  7.0004145  146.42823 | 208.45554 
           |     29.45      28.81      36.66      27.80      36.99      36.38 |     35.02 
-----------+------------------------------------------------------------------+----------
        50 | 13.748055  13.121213  27.794534   32.20081  4.2424515  56.283958 | 147.39102 
           |     51.42      53.42      40.82      59.23      22.42      13.98 |     24.76 
-----------+------------------------------------------------------------------+----------
        51 | 2.4066772  .99628113  5.2720934   1.353129  3.9015403  17.710826 |31.6405472 
           |      9.00       4.06       7.74       2.49      20.62       4.40 |      5.32 
-----------+------------------------------------------------------------------+----------
     Total |  26.73823 24.5624879   68.09318  54.367412   18.92331 402.534142 | 595.21876 
           |    100.00     100.00     100.00     100.00     100.00     100.00 |    100.00 


------------------------------------------------------------------------------------------------------------------------------------------------------
-> HVM_DIFF = Taxi

+-------------------+
| Key               |
|-------------------|
|     frequency     |
| column percentage |
+-------------------+

           |       politische Gemeindegrößenklasse
        ek | unter 2.0  5.000 bis  20.000 bi  500.000 u |     Total
-----------+--------------------------------------------+----------
         5 |         0          0    1.34057  2.6301337 | 3.9707037 
           |      0.00       0.00     100.00      16.75 |     21.05 
-----------+--------------------------------------------+----------
        25 | .70772018          0          0  13.067842 | 13.775562 
           |     60.34       0.00       0.00      83.25 |     73.03 
-----------+--------------------------------------------+----------
        50 | .46525672  .65078814          0          0 | 1.1160449 
           |     39.66     100.00       0.00       0.00 |      5.92 
-----------+--------------------------------------------+----------
     Total | 1.1729769  .65078814    1.34057  15.697976 | 18.862311 
           |    100.00     100.00     100.00     100.00 |    100.00 


------------------------------------------------------------------------------------------------------------------------------------------------------
-> HVM_DIFF = Schiff | Bahn | Bus | Flugzeug

+-------------------+
| Key               |
|-------------------|
|     frequency     |
| column percentage |
+-------------------+

           |                  politische Gemeindegrößenklasse
        ek | unter 2.0  2.000 bis  5.000 bis  20.000 bi  50.000 bi  500.000 u |     Total
-----------+------------------------------------------------------------------+----------
         2 |         0   .7913259          0          0          0          0 |  .7913259 
           |      0.00      27.60       0.00       0.00       0.00       0.00 |      1.97 
-----------+------------------------------------------------------------------+----------
         5 | .50375679          0          0          0          0          0 | .50375679 
           |     67.79       0.00       0.00       0.00       0.00       0.00 |      1.25 
-----------+------------------------------------------------------------------+----------
        10 |         0          0          0          0          0  5.0427142 | 5.0427142 
           |      0.00       0.00       0.00       0.00       0.00      24.23 |     12.54 
-----------+------------------------------------------------------------------+----------
        25 |         0          0  3.0991249  .68898047          0  9.9246215 |13.7127268 
           |      0.00       0.00      34.68      19.49       0.00      47.68 |     34.10 
-----------+------------------------------------------------------------------+----------
        50 |         0  .60863315 2.36754651  .98648482  1.1589245  2.7904888 | 7.9120778 
           |      0.00      21.23      26.49      27.90      34.92      13.41 |     19.67 
-----------+------------------------------------------------------------------+----------
        51 | .23933539  1.4668025  3.4704667 1.85979174  2.1595711  3.0556701 | 12.251638 
           |     32.21      51.17      38.83      52.61      65.08      14.68 |     30.47 
-----------+------------------------------------------------------------------+----------
     Total | .74309217  2.8667615  8.9371381   3.535257  3.3184956 20.8134946 | 40.214239 
           |    100.00     100.00     100.00     100.00     100.00     100.00 |    100.00 


------------------------------------------------------------------------------------------------------------------------------------------------------
-> HVM_DIFF = sonstiges

+-------------------+
| Key               |
|-------------------|
|     frequency     |
| column percentage |
+-------------------+

           |            politische Gemeindegrößenklasse
        ek | unter 2.0  2.000 bis  5.000 bis  20.000 bi  50.000 bi |     Total
-----------+-------------------------------------------------------+----------
         1 |         0          0          0  .68207369          0 | .68207369 
           |      0.00       0.00       0.00      31.11       0.00 |     11.63 
-----------+-------------------------------------------------------+----------
         5 |.366932164          0  .87474201          0  .22350475 | 1.4651789 
           |    100.00       0.00      42.50       0.00      30.20 |     24.98 
-----------+-------------------------------------------------------+----------
        10 |         0  .50774567          0          0 .516549765 | 1.0242954 
           |      0.00     100.00       0.00       0.00      69.80 |     17.46 
-----------+-------------------------------------------------------+----------
        25 |         0          0    1.18331  1.5101803          0 | 2.6934904 
           |      0.00       0.00      57.50      68.89       0.00 |     45.92 
-----------+-------------------------------------------------------+----------
     Total |.366932164  .50774567  2.0580521   2.192254  .74005451 | 5.8650384 
           |    100.00     100.00     100.00     100.00     100.00 |    100.00 


------------------------------------------------------------------------------------------------------------------------------------------------------
-> HVM_DIFF = keine Angabe
no observations


. log close
       log:  C:\Spitzencluster Luftverkehr\Modell\Nachfragedaten\Do\arbeitserreichbarkeit.log
  log type:  text
 closed on:  25 Oct 2010, 14:06:02
------------------------------------------------------------------------------------------------------------------------------------------------------
